#
# A fatal error has been detected by the Java Runtime Environment:
#
#  SIGSEGV (0xb) at pc=0x00007fc10000000b, pid=894, tid=0x0000000000005903
#
# JRE version: Java(TM) SE Runtime Environment (8.0_111-b14) (build 1.8.0_111-b14)
# Java VM: Java HotSpot(TM) 64-Bit Server VM (25.111-b14 mixed mode bsd-amd64 compressed oops)
# Problematic frame:
# C  0x00007fc10000000b
#
# Failed to write core dump. Core dumps have been disabled. To enable core dumping, try "ulimit -c unlimited" before starting Java again
#
# If you would like to submit a bug report, please visit:
#   http://bugreport.java.com/bugreport/crash.jsp
# The crash happened outside the Java Virtual Machine in native code.
# See problematic frame for where to report the bug.
#

---------------  T H R E A D  ---------------

Current thread (0x00007fc1c38cd800):  JavaThread "QuantumRenderer-0" daemon [_thread_in_native, id=22787, stack(0x000070000ae4e000,0x000070000af4e000)]

siginfo: si_signo: 11 (SIGSEGV), si_code: 1 (SEGV_MAPERR), si_addr: 0x00007fc10000000b

Registers:
RAX=0x0000000000001f02, RBX=0x0000000106a2e490, RCX=0x00007fc1c5193000, RDX=0x00007fc10000000b
RSP=0x000070000af4ced8, RBP=0x000070000af4cf30, RSI=0x0000000000001f02, RDI=0x0000000000000000
R8 =0x00007fc1c5a00460, R9 =0x0000000000000000, R10=0x0000000000000019, R11=0x00007fffa0c90c21
R12=0x00007fc1c5929320, R13=0x0000000000000000, R14=0x00007fc1c3747160, R15=0x00007fc1c5807970
RIP=0x00007fc10000000b, EFLAGS=0x0000000000010206, ERR=0x0000000000000014
  TRAPNO=0x000000000000000e

Top of Stack: (sp=0x000070000af4ced8)
0x000070000af4ced8:   000000010cc9a0c9 00007fc1c38cd800
0x000070000af4cee8:   0000000108f6d058 00007fc1c38cd800
0x000070000af4cef8:   0000000108f6d058 123cef720d9300e2
0x000070000af4cf08:   0000000108f6d058 0000000000000000
0x000070000af4cf18:   0000000108f6d058 000070000af4cfb0
0x000070000af4cf28:   00007fc1c38cd800 000070000af4cf90
0x000070000af4cf38:   000000010d4cf9f4 000000010d4db9a3
0x000070000af4cf48:   000000010d4cf742 000070000af4cf50
0x000070000af4cf58:   0000000108f6d058 000070000af4cfb0
0x000070000af4cf68:   0000000108f77ea8 0000000000000000
0x000070000af4cf78:   0000000108f6d058 0000000000000000
0x000070000af4cf88:   000070000af4cfb0 000070000af4d000
0x000070000af4cf98:   000000010d4bfdd0 000000076b42a4e0
0x000070000af4cfa8:   000000010d4c9537 000000076b4441e8
0x000070000af4cfb8:   000000076b442380 000070000af4cfc0
0x000070000af4cfc8:   0000000108f6d761 000070000af4d028
0x000070000af4cfd8:   0000000108f77ea8 0000000000000000
0x000070000af4cfe8:   0000000108f6d790 000070000af4cfb0
0x000070000af4cff8:   000070000af4d018 000070000af4d070
0x000070000af4d008:   000000010d4bfa90 000000076b4441e8
0x000070000af4d018:   000000076b40d2c8 000000076b3062a8
0x000070000af4d028:   000000076b442380 000070000af4d030
0x000070000af4d038:   0000000108f5fff1 000070000af4d078
0x000070000af4d048:   0000000108f61980 0000000000000000
0x000070000af4d058:   0000000108f60058 000070000af4d018
0x000070000af4d068:   000070000af4d080 000070000af4d0e0
0x000070000af4d078:   000000010d4b87a7 0000000100001fa0
0x000070000af4d088:   000000000000000a 00007fc1c38cd800
0x000070000af4d098:   0000000000000000 000000010d4b871f
0x000070000af4d0a8:   0000000108f60058 000070000af4d178
0x000070000af4d0b8:   000070000af4d2b0 00007fc10000000a
0x000070000af4d0c8:   0000000108f60058 000000010d4cac80 

Instructions: (pc=0x00007fc10000000b)
0x00007fc0ffffffeb:   
[error occurred during error reporting (printing registers, top of stack, instructions near pc), id 0xb]

Register to memory mapping:

RAX=0x0000000000001f02 is an unknown value
RBX=0x0000000106a2e490: jni_NativeInterface+0 in /Library/Java/JavaVirtualMachines/jdk1.8.0_111.jdk/Contents/Home/jre/lib/server/libjvm.dylib at 0x0000000106200000
RCX=0x00007fc1c5193000 is an unknown value
RDX=0x00007fc10000000b is an unknown value
RSP=0x000070000af4ced8 is pointing into the stack for thread: 0x00007fc1c38cd800
RBP=0x000070000af4cf30 is pointing into the stack for thread: 0x00007fc1c38cd800
RSI=0x0000000000001f02 is an unknown value
RDI=0x0000000000000000 is an unknown value
R8 =0x00007fc1c5a00460 is an unknown value
R9 =0x0000000000000000 is an unknown value
R10=0x0000000000000019 is an unknown value
R11=0x00007fffa0c90c21: glGetString+0 in /System/Library/Frameworks/OpenGL.framework/Versions/A/Libraries/libGL.dylib at 0x00007fffa0c8f000
R12=0x00007fc1c5929320 is an unknown value
R13=0x0000000000000000 is an unknown value
R14=0x00007fc1c3747160 is an unknown value
R15=0x00007fc1c5807970 is an unknown value


Stack: [0x000070000ae4e000,0x000070000af4e000],  sp=0x000070000af4ced8,  free space=1019k
Native frames: (J=compiled Java code, j=interpreted, Vv=VM code, C=native code)
C  0x00007fc10000000b
j  com.sun.prism.es2.MacGLFactory.nInitialize([I)J+0
j  com.sun.prism.es2.MacGLFactory.initialize(Ljava/lang/Class;Lcom/sun/prism/es2/GLPixelFormat$Attributes;)Z+73
j  com.sun.prism.es2.ES2Pipeline.<clinit>()V+49
v  ~StubRoutines::call_stub
V  [libjvm.dylib+0x2ecf8a]
V  [libjvm.dylib+0x2bfb7d]
V  [libjvm.dylib+0x2c11e1]
V  [libjvm.dylib+0x2c1477]
V  [libjvm.dylib+0x3454ab]
V  [libjvm.dylib+0x34f992]
C  [libjava.dylib+0x209d]  Java_java_lang_Class_forName0+0x13f
j  java.lang.Class.forName0(Ljava/lang/String;ZLjava/lang/ClassLoader;Ljava/lang/Class;)Ljava/lang/Class;+0
j  java.lang.Class.forName(Ljava/lang/String;)Ljava/lang/Class;+11
j  com.sun.prism.GraphicsPipeline.createPipeline()Lcom/sun/prism/GraphicsPipeline;+232
j  com.sun.javafx.tk.quantum.QuantumRenderer$PipelineRunnable.init()V+0
j  com.sun.javafx.tk.quantum.QuantumRenderer$PipelineRunnable.run()V+1
j  java.lang.Thread.run()V+11
v  ~StubRoutines::call_stub
V  [libjvm.dylib+0x2ecf8a]
V  [libjvm.dylib+0x2ed718]
V  [libjvm.dylib+0x2ed8c4]
V  [libjvm.dylib+0x348039]
V  [libjvm.dylib+0x56a27b]
V  [libjvm.dylib+0x56b968]
V  [libjvm.dylib+0x489b0a]
C  [libsystem_pthread.dylib+0x39af]  _pthread_body+0xb4
C  [libsystem_pthread.dylib+0x38fb]  _pthread_body+0x0
C  [libsystem_pthread.dylib+0x3101]  thread_start+0xd
C  0x0000000000000000

Java frames: (J=compiled Java code, j=interpreted, Vv=VM code)
j  com.sun.prism.es2.MacGLFactory.nInitialize([I)J+0
j  com.sun.prism.es2.MacGLFactory.initialize(Ljava/lang/Class;Lcom/sun/prism/es2/GLPixelFormat$Attributes;)Z+73
j  com.sun.prism.es2.ES2Pipeline.<clinit>()V+49
v  ~StubRoutines::call_stub
j  java.lang.Class.forName0(Ljava/lang/String;ZLjava/lang/ClassLoader;Ljava/lang/Class;)Ljava/lang/Class;+0
j  java.lang.Class.forName(Ljava/lang/String;)Ljava/lang/Class;+11
j  com.sun.prism.GraphicsPipeline.createPipeline()Lcom/sun/prism/GraphicsPipeline;+232
j  com.sun.javafx.tk.quantum.QuantumRenderer$PipelineRunnable.init()V+0
j  com.sun.javafx.tk.quantum.QuantumRenderer$PipelineRunnable.run()V+1
j  java.lang.Thread.run()V+11
v  ~StubRoutines::call_stub

---------------  P R O C E S S  ---------------

Java Threads: ( => current thread )
=>0x00007fc1c38cd800 JavaThread "QuantumRenderer-0" daemon [_thread_in_native, id=22787, stack(0x000070000ae4e000,0x000070000af4e000)]
  0x00007fc1c509a800 JavaThread "Service Thread" daemon [_thread_blocked, id=21763, stack(0x000070000ac48000,0x000070000ad48000)]
  0x00007fc1c5071800 JavaThread "C1 CompilerThread3" daemon [_thread_blocked, id=21251, stack(0x000070000ab45000,0x000070000ac45000)]
  0x00007fc1c5051000 JavaThread "C2 CompilerThread2" daemon [_thread_blocked, id=20739, stack(0x000070000aa42000,0x000070000ab42000)]
  0x00007fc1c5050800 JavaThread "C2 CompilerThread1" daemon [_thread_blocked, id=20227, stack(0x000070000a93f000,0x000070000aa3f000)]
  0x00007fc1c38b4800 JavaThread "C2 CompilerThread0" daemon [_thread_blocked, id=19715, stack(0x000070000a83c000,0x000070000a93c000)]
  0x00007fc1c383e000 JavaThread "Monitor Ctrl-Break" daemon [_thread_in_native, id=19203, stack(0x000070000a739000,0x000070000a839000)]
  0x00007fc1c5043000 JavaThread "Signal Dispatcher" daemon [_thread_blocked, id=18691, stack(0x000070000a636000,0x000070000a736000)]
  0x00007fc1c700e000 JavaThread "Finalizer" daemon [_thread_blocked, id=14339, stack(0x000070000a4b0000,0x000070000a5b0000)]
  0x00007fc1c385c000 JavaThread "Reference Handler" daemon [_thread_blocked, id=13827, stack(0x000070000a3ad000,0x000070000a4ad000)]
  0x00007fc1c5002800 JavaThread "main" [_thread_blocked, id=6915, stack(0x000070000998f000,0x0000700009a8f000)]

Other Threads:
  0x00007fc1c3857800 VMThread [stack: 0x000070000a2aa000,0x000070000a3aa000] [id=13315]
  0x00007fc1c5011800 WatcherThread [stack: 0x000070000ad4b000,0x000070000ae4b000] [id=22275]

VM state:not at safepoint (normal execution)

VM Mutex/Monitor currently owned by a thread: None

Heap:
 PSYoungGen      total 76288K, used 10500K [0x000000076ab00000, 0x0000000770000000, 0x00000007c0000000)
  eden space 65536K, 16% used [0x000000076ab00000,0x000000076b541228,0x000000076eb00000)
  from space 10752K, 0% used [0x000000076f580000,0x000000076f580000,0x0000000770000000)
  to   space 10752K, 0% used [0x000000076eb00000,0x000000076eb00000,0x000000076f580000)
 ParOldGen       total 175104K, used 0K [0x00000006c0000000, 0x00000006cab00000, 0x000000076ab00000)
  object space 175104K, 0% used [0x00000006c0000000,0x00000006c0000000,0x00000006cab00000)
 Metaspace       used 5264K, capacity 5564K, committed 5888K, reserved 1056768K
  class space    used 607K, capacity 696K, committed 768K, reserved 1048576K

Card table byte_map: [0x0000000107561000,0x0000000107d62000] byte_map_base: 0x0000000103f61000

Marking Bits: (ParMarkBitMap*) 0x0000000106aefd20
 Begin Bits: [0x000000011c4b8000, 0x00000001204b8000)
 End Bits:   [0x00000001204b8000, 0x00000001244b8000)

Polling page: 0x0000000105065000

CodeCache: size=245760Kb used=1713Kb max_used=1724Kb free=244046Kb
 bounds [0x000000010d4b8000, 0x000000010d728000, 0x000000011c4b8000]
 total_blobs=633 nmethods=328 adapters=219
 compilation: enabled

Compilation events (10 events):
Event: 0.259 Thread 0x00007fc1c5071800 nmethod 324 0x000000010d662390 code [0x000000010d662500, 0x000000010d6628e8]
Event: 0.259 Thread 0x00007fc1c5071800  325       3       java.security.CodeSource::getCertificates (98 bytes)
Event: 0.260 Thread 0x00007fc1c5071800 nmethod 325 0x000000010d662990 code [0x000000010d662bc0, 0x000000010d6637b8]
Event: 0.260 Thread 0x00007fc1c5071800  326       1       java.util.jar.Manifest::getEntries (5 bytes)
Event: 0.260 Thread 0x00007fc1c5071800 nmethod 326 0x000000010d663bd0 code [0x000000010d663d20, 0x000000010d663e30]
Event: 0.260 Thread 0x00007fc1c5071800  327       1       java.util.jar.Manifest::getMainAttributes (5 bytes)
Event: 0.260 Thread 0x00007fc1c5071800 nmethod 327 0x000000010d665390 code [0x000000010d6654e0, 0x000000010d6655f0]
Event: 0.260 Thread 0x00007fc1c5071800  328       1       java.util.jar.JarFile::access$300 (5 bytes)
Event: 0.260 Thread 0x00007fc1c5071800 nmethod 328 0x000000010d666f10 code [0x000000010d667060, 0x000000010d667150]
Event: 0.260 Thread 0x00007fc1c5050800 nmethod 323 0x000000010d6671d0 code [0x000000010d667320, 0x000000010d6674d8]

GC Heap History (0 events):
No events

Deoptimization events (0 events):
No events

Internal exceptions (10 events):
Event: 0.118 Thread 0x00007fc1c5002800 Exception <a 'java/util/zip/ZipException'> (0x000000076abef340) thrown at [/Users/java_re/workspace/8-2-build-macosx-x86_64/jdk8u111/7883/hotspot/src/share/vm/prims/jni.cpp, line 709]
Event: 0.118 Thread 0x00007fc1c5002800 Exception <a 'java/security/PrivilegedActionException'> (0x000000076abef548) thrown at [/Users/java_re/workspace/8-2-build-macosx-x86_64/jdk8u111/7883/hotspot/src/share/vm/prims/jvm.cpp, line 1386]
Event: 0.118 Thread 0x00007fc1c5002800 Exception <a 'java/security/PrivilegedActionException'> (0x000000076abef758) thrown at [/Users/java_re/workspace/8-2-build-macosx-x86_64/jdk8u111/7883/hotspot/src/share/vm/prims/jvm.cpp, line 1386]
Event: 0.179 Thread 0x00007fc1c5002800 Exception <a 'java/lang/NoSuchFieldError': method resolution failed> (0x000000076b0a9858) thrown at [/Users/java_re/workspace/8-2-build-macosx-x86_64/jdk8u111/7883/hotspot/src/share/vm/prims/methodHandles.cpp, line 1146]
Event: 0.180 Thread 0x00007fc1c5002800 Exception <a 'java/lang/NoSuchFieldError': method resolution failed> (0x000000076b0b7478) thrown at [/Users/java_re/workspace/8-2-build-macosx-x86_64/jdk8u111/7883/hotspot/src/share/vm/prims/methodHandles.cpp, line 1146]
Event: 0.195 Thread 0x00007fc1c5002800 Exception <a 'java/security/PrivilegedActionException'> (0x000000076b165da0) thrown at [/Users/java_re/workspace/8-2-build-macosx-x86_64/jdk8u111/7883/hotspot/src/share/vm/prims/jvm.cpp, line 1386]
Event: 0.195 Thread 0x00007fc1c5002800 Exception <a 'java/security/PrivilegedActionException'> (0x000000076b165fb0) thrown at [/Users/java_re/workspace/8-2-build-macosx-x86_64/jdk8u111/7883/hotspot/src/share/vm/prims/jvm.cpp, line 1386]
Event: 0.195 Thread 0x00007fc1c5002800 Exception <a 'java/security/PrivilegedActionException'> (0x000000076b1692b8) thrown at [/Users/java_re/workspace/8-2-build-macosx-x86_64/jdk8u111/7883/hotspot/src/share/vm/prims/jvm.cpp, line 1386]
Event: 0.195 Thread 0x00007fc1c5002800 Exception <a 'java/security/PrivilegedActionException'> (0x000000076b1694c8) thrown at [/Users/java_re/workspace/8-2-build-macosx-x86_64/jdk8u111/7883/hotspot/src/share/vm/prims/jvm.cpp, line 1386]
Event: 0.195 Thread 0x00007fc1c5002800 Exception <a 'java/lang/NullPointerException'> (0x000000076b16b298) thrown at [/Users/java_re/workspace/8-2-build-macosx-x86_64/jdk8u111/7883/hotspot/src/share/vm/interpreter/linkResolver.cpp, line 1178]

Events (10 events):
Event: 0.259 loading class com/sun/prism/es2/MacGLContext
Event: 0.259 loading class com/sun/prism/es2/MacGLContext done
Event: 0.259 loading class com/sun/prism/es2/GLDrawable
Event: 0.259 loading class com/sun/prism/es2/GLDrawable done
Event: 0.259 loading class com/sun/prism/es2/MacGLDrawable
Event: 0.259 loading class com/sun/prism/es2/MacGLDrawable done
Event: 0.259 loading class com/sun/prism/es2/MacGLPixelFormat
Event: 0.259 loading class com/sun/prism/es2/MacGLPixelFormat done
Event: 0.260 loading class com/sun/prism/es2/GLGPUInfo
Event: 0.260 loading class com/sun/prism/es2/GLGPUInfo done


Dynamic libraries:
0x0000000027445000 	/System/Library/Frameworks/Cocoa.framework/Versions/A/Cocoa
0x0000000027445000 	/System/Library/Frameworks/Security.framework/Versions/A/Security
0x0000000027445000 	/System/Library/Frameworks/ApplicationServices.framework/Versions/A/ApplicationServices
0x0000000027445000 	/usr/lib/libz.1.dylib
0x0000000027445000 	/usr/lib/libSystem.B.dylib
0x0000000027445000 	/usr/lib/libobjc.A.dylib
0x0000000027445000 	/System/Library/Frameworks/CoreFoundation.framework/Versions/A/CoreFoundation
0x0000000027445000 	/System/Library/Frameworks/Foundation.framework/Versions/C/Foundation
0x0000000027445000 	/System/Library/Frameworks/AppKit.framework/Versions/C/AppKit
0x0000000027445000 	/System/Library/Frameworks/CoreData.framework/Versions/A/CoreData
0x0000000027445000 	/System/Library/PrivateFrameworks/RemoteViewServices.framework/Versions/A/RemoteViewServices
0x0000000027445000 	/System/Library/PrivateFrameworks/UIFoundation.framework/Versions/A/UIFoundation
0x0000000027445000 	/System/Library/PrivateFrameworks/DFRFoundation.framework/Versions/A/DFRFoundation
0x0000000027445000 	/usr/lib/libenergytrace.dylib
0x0000000027445000 	/System/Library/PrivateFrameworks/SkyLight.framework/Versions/A/SkyLight
0x0000000027445000 	/System/Library/Frameworks/CoreGraphics.framework/Versions/A/CoreGraphics
0x0000000027445000 	/usr/lib/libScreenReader.dylib
0x0000000027445000 	/System/Library/Frameworks/Accelerate.framework/Versions/A/Accelerate
0x0000000027445000 	/System/Library/Frameworks/IOSurface.framework/Versions/A/IOSurface
0x0000000027445000 	/System/Library/Frameworks/AudioToolbox.framework/Versions/A/AudioToolbox
0x0000000027445000 	/System/Library/Frameworks/AudioUnit.framework/Versions/A/AudioUnit
0x0000000027445000 	/System/Library/PrivateFrameworks/DataDetectorsCore.framework/Versions/A/DataDetectorsCore
0x0000000027445000 	/System/Library/PrivateFrameworks/DesktopServicesPriv.framework/Versions/A/DesktopServicesPriv
0x0000000027445000 	/System/Library/Frameworks/Carbon.framework/Versions/A/Frameworks/HIToolbox.framework/Versions/A/HIToolbox
0x0000000027445000 	/usr/lib/libicucore.A.dylib
0x0000000027445000 	/System/Library/Frameworks/QuartzCore.framework/Versions/A/QuartzCore
0x0000000027445000 	/System/Library/Frameworks/Carbon.framework/Versions/A/Frameworks/SpeechRecognition.framework/Versions/A/SpeechRecognition
0x0000000027445000 	/usr/lib/libauto.dylib
0x0000000027445000 	/usr/lib/libxml2.2.dylib
0x0000000027445000 	/System/Library/PrivateFrameworks/CoreUI.framework/Versions/A/CoreUI
0x0000000027445000 	/System/Library/Frameworks/CoreAudio.framework/Versions/A/CoreAudio
0x0000000027445000 	/System/Library/Frameworks/DiskArbitration.framework/Versions/A/DiskArbitration
0x0000000027445000 	/usr/lib/liblangid.dylib
0x0000000027445000 	/System/Library/PrivateFrameworks/MultitouchSupport.framework/Versions/A/MultitouchSupport
0x0000000027445000 	/System/Library/Frameworks/IOKit.framework/Versions/A/IOKit
0x0000000027445000 	/usr/lib/libDiagnosticMessagesClient.dylib
0x0000000027445000 	/System/Library/Frameworks/CoreServices.framework/Versions/A/CoreServices
0x0000000027445000 	/System/Library/PrivateFrameworks/PerformanceAnalysis.framework/Versions/A/PerformanceAnalysis
0x0000000027445000 	/System/Library/PrivateFrameworks/GenerationalStorage.framework/Versions/A/GenerationalStorage
0x0000000027445000 	/System/Library/Frameworks/OpenGL.framework/Versions/A/OpenGL
0x0000000027445000 	/System/Library/Frameworks/CoreImage.framework/Versions/A/CoreImage
0x0000000027445000 	/System/Library/Frameworks/CoreText.framework/Versions/A/CoreText
0x0000000027445000 	/System/Library/Frameworks/ImageIO.framework/Versions/A/ImageIO
0x0000000027445000 	/System/Library/PrivateFrameworks/Backup.framework/Versions/A/Backup
0x0000000027445000 	/usr/lib/libarchive.2.dylib
0x0000000027445000 	/System/Library/Frameworks/CFNetwork.framework/Versions/A/CFNetwork
0x0000000027445000 	/System/Library/Frameworks/SystemConfiguration.framework/Versions/A/SystemConfiguration
0x0000000027445000 	/usr/lib/libCRFSuite.dylib
0x0000000027445000 	/usr/lib/libc++.1.dylib
0x0000000027445000 	/usr/lib/libc++abi.dylib
0x0000000027445000 	/usr/lib/system/libcache.dylib
0x0000000027445000 	/usr/lib/system/libcommonCrypto.dylib
0x0000000027445000 	/usr/lib/system/libcompiler_rt.dylib
0x0000000027445000 	/usr/lib/system/libcopyfile.dylib
0x0000000027445000 	/usr/lib/system/libcorecrypto.dylib
0x0000000027445000 	/usr/lib/system/libdispatch.dylib
0x0000000027445000 	/usr/lib/system/libdyld.dylib
0x0000000027445000 	/usr/lib/system/libkeymgr.dylib
0x0000000027445000 	/usr/lib/system/liblaunch.dylib
0x0000000027445000 	/usr/lib/system/libmacho.dylib
0x0000000027445000 	/usr/lib/system/libquarantine.dylib
0x0000000027445000 	/usr/lib/system/libremovefile.dylib
0x0000000027445000 	/usr/lib/system/libsystem_asl.dylib
0x0000000027445000 	/usr/lib/system/libsystem_blocks.dylib
0x0000000027445000 	/usr/lib/system/libsystem_c.dylib
0x0000000027445000 	/usr/lib/system/libsystem_configuration.dylib
0x0000000027445000 	/usr/lib/system/libsystem_coreservices.dylib
0x0000000027445000 	/usr/lib/system/libsystem_coretls.dylib
0x0000000027445000 	/usr/lib/system/libsystem_dnssd.dylib
0x0000000027445000 	/usr/lib/system/libsystem_info.dylib
0x0000000027445000 	/usr/lib/system/libsystem_kernel.dylib
0x0000000027445000 	/usr/lib/system/libsystem_m.dylib
0x0000000027445000 	/usr/lib/system/libsystem_malloc.dylib
0x0000000027445000 	/usr/lib/system/libsystem_network.dylib
0x0000000027445000 	/usr/lib/system/libsystem_networkextension.dylib
0x0000000027445000 	/usr/lib/system/libsystem_notify.dylib
0x0000000027445000 	/usr/lib/system/libsystem_platform.dylib
0x0000000027445000 	/usr/lib/system/libsystem_pthread.dylib
0x0000000027445000 	/usr/lib/system/libsystem_sandbox.dylib
0x0000000027445000 	/usr/lib/system/libsystem_secinit.dylib
0x0000000027445000 	/usr/lib/system/libsystem_symptoms.dylib
0x0000000027445000 	/usr/lib/system/libsystem_trace.dylib
0x0000000027445000 	/usr/lib/system/libunwind.dylib
0x0000000027445000 	/usr/lib/system/libxpc.dylib
0x0000000027445000 	/usr/lib/libbsm.0.dylib
0x0000000027445000 	/usr/lib/system/libkxld.dylib
0x0000000027445000 	/usr/lib/libcoretls.dylib
0x0000000027445000 	/usr/lib/libcoretls_cfhelpers.dylib
0x0000000027445000 	/usr/lib/libOpenScriptingUtil.dylib
0x0000000027445000 	/usr/lib/libpam.2.dylib
0x0000000027445000 	/usr/lib/libsqlite3.dylib
0x0000000027445000 	/usr/lib/libxar.1.dylib
0x0000000027445000 	/usr/lib/libbz2.1.0.dylib
0x0000000027445000 	/usr/lib/liblzma.5.dylib
0x0000000027445000 	/usr/lib/libnetwork.dylib
0x0000000027445000 	/usr/lib/libpcap.A.dylib
0x0000000027445000 	/System/Library/Frameworks/CoreServices.framework/Versions/A/Frameworks/FSEvents.framework/Versions/A/FSEvents
0x0000000027445000 	/System/Library/Frameworks/CoreServices.framework/Versions/A/Frameworks/CarbonCore.framework/Versions/A/CarbonCore
0x0000000027445000 	/System/Library/Frameworks/CoreServices.framework/Versions/A/Frameworks/Metadata.framework/Versions/A/Metadata
0x0000000027445000 	/System/Library/Frameworks/CoreServices.framework/Versions/A/Frameworks/OSServices.framework/Versions/A/OSServices
0x0000000027445000 	/System/Library/Frameworks/CoreServices.framework/Versions/A/Frameworks/SearchKit.framework/Versions/A/SearchKit
0x0000000027445000 	/System/Library/Frameworks/CoreServices.framework/Versions/A/Frameworks/AE.framework/Versions/A/AE
0x0000000027445000 	/System/Library/Frameworks/CoreServices.framework/Versions/A/Frameworks/LaunchServices.framework/Versions/A/LaunchServices
0x0000000027445000 	/System/Library/Frameworks/CoreServices.framework/Versions/A/Frameworks/DictionaryServices.framework/Versions/A/DictionaryServices
0x0000000027445000 	/System/Library/Frameworks/CoreServices.framework/Versions/A/Frameworks/SharedFileList.framework/Versions/A/SharedFileList
0x0000000027445000 	/System/Library/Frameworks/NetFS.framework/Versions/A/NetFS
0x0000000027445000 	/System/Library/PrivateFrameworks/NetAuth.framework/Versions/A/NetAuth
0x0000000027445000 	/System/Library/PrivateFrameworks/login.framework/Versions/A/Frameworks/loginsupport.framework/Versions/A/loginsupport
0x0000000027445000 	/System/Library/PrivateFrameworks/TCC.framework/Versions/A/TCC
0x0000000027445000 	/usr/lib/libmecabra.dylib
0x0000000027445000 	/System/Library/Frameworks/ApplicationServices.framework/Versions/A/Frameworks/ATS.framework/Versions/A/ATS
0x0000000027445000 	/System/Library/Frameworks/ApplicationServices.framework/Versions/A/Frameworks/ColorSync.framework/Versions/A/ColorSync
0x0000000027445000 	/System/Library/Frameworks/ApplicationServices.framework/Versions/A/Frameworks/HIServices.framework/Versions/A/HIServices
0x0000000027445000 	/System/Library/Frameworks/ApplicationServices.framework/Versions/A/Frameworks/LangAnalysis.framework/Versions/A/LangAnalysis
0x0000000027445000 	/System/Library/Frameworks/ApplicationServices.framework/Versions/A/Frameworks/PrintCore.framework/Versions/A/PrintCore
0x0000000027445000 	/System/Library/Frameworks/ApplicationServices.framework/Versions/A/Frameworks/QD.framework/Versions/A/QD
0x0000000027445000 	/System/Library/Frameworks/ApplicationServices.framework/Versions/A/Frameworks/SpeechSynthesis.framework/Versions/A/SpeechSynthesis
0x0000000027445000 	/System/Library/Frameworks/Accelerate.framework/Versions/A/Frameworks/vImage.framework/Versions/A/vImage
0x0000000027445000 	/System/Library/Frameworks/Accelerate.framework/Versions/A/Frameworks/vecLib.framework/Versions/A/vecLib
0x0000000027445000 	/System/Library/Frameworks/Accelerate.framework/Versions/A/Frameworks/vecLib.framework/Versions/A/libvDSP.dylib
0x0000000027445000 	/System/Library/Frameworks/Accelerate.framework/Versions/A/Frameworks/vecLib.framework/Versions/A/libBNNS.dylib
0x0000000027445000 	/System/Library/Frameworks/Accelerate.framework/Versions/A/Frameworks/vecLib.framework/Versions/A/libQuadrature.dylib
0x0000000027445000 	/System/Library/Frameworks/Accelerate.framework/Versions/A/Frameworks/vecLib.framework/Versions/A/libvMisc.dylib
0x0000000027445000 	/System/Library/Frameworks/Accelerate.framework/Versions/A/Frameworks/vecLib.framework/Versions/A/libLAPACK.dylib
0x0000000027445000 	/System/Library/Frameworks/Accelerate.framework/Versions/A/Frameworks/vecLib.framework/Versions/A/libBLAS.dylib
0x0000000027445000 	/System/Library/Frameworks/Accelerate.framework/Versions/A/Frameworks/vecLib.framework/Versions/A/libLinearAlgebra.dylib
0x0000000027445000 	/System/Library/Frameworks/Accelerate.framework/Versions/A/Frameworks/vecLib.framework/Versions/A/libSparseBLAS.dylib
0x0000000027445000 	/System/Library/Frameworks/ApplicationServices.framework/Versions/A/Frameworks/ATS.framework/Versions/A/Resources/libFontParser.dylib
0x0000000027445000 	/System/Library/Frameworks/ApplicationServices.framework/Versions/A/Frameworks/ATS.framework/Versions/A/Resources/libFontRegistry.dylib
0x0000000027445000 	/System/Library/Frameworks/ImageIO.framework/Versions/A/Resources/libJPEG.dylib
0x0000000027445000 	/System/Library/Frameworks/ImageIO.framework/Versions/A/Resources/libTIFF.dylib
0x0000000027445000 	/System/Library/Frameworks/ImageIO.framework/Versions/A/Resources/libPng.dylib
0x0000000027445000 	/System/Library/Frameworks/ImageIO.framework/Versions/A/Resources/libGIF.dylib
0x0000000027445000 	/System/Library/Frameworks/ImageIO.framework/Versions/A/Resources/libJP2.dylib
0x0000000027445000 	/System/Library/Frameworks/ImageIO.framework/Versions/A/Resources/libRadiance.dylib
0x0000000027445000 	/usr/lib/libcompression.dylib
0x0000000027445000 	/System/Library/PrivateFrameworks/AppleJPEG.framework/Versions/A/AppleJPEG
0x0000000027445000 	/usr/lib/libcups.2.dylib
0x0000000027445000 	/System/Library/Frameworks/Kerberos.framework/Versions/A/Kerberos
0x0000000027445000 	/System/Library/Frameworks/GSS.framework/Versions/A/GSS
0x0000000027445000 	/usr/lib/libresolv.9.dylib
0x0000000027445000 	/usr/lib/libiconv.2.dylib
0x0000000027445000 	/System/Library/PrivateFrameworks/Heimdal.framework/Versions/A/Heimdal
0x0000000027445000 	/usr/lib/libheimdal-asn1.dylib
0x0000000027445000 	/System/Library/Frameworks/OpenDirectory.framework/Versions/A/OpenDirectory
0x0000000027445000 	/System/Library/PrivateFrameworks/CommonAuth.framework/Versions/A/CommonAuth
0x0000000027445000 	/System/Library/Frameworks/OpenDirectory.framework/Versions/A/Frameworks/CFOpenDirectory.framework/Versions/A/CFOpenDirectory
0x0000000027445000 	/System/Library/Frameworks/SecurityFoundation.framework/Versions/A/SecurityFoundation
0x0000000027445000 	/System/Library/PrivateFrameworks/LanguageModeling.framework/Versions/A/LanguageModeling
0x0000000027445000 	/usr/lib/libmarisa.dylib
0x0000000027445000 	/usr/lib/libChineseTokenizer.dylib
0x0000000027445000 	/usr/lib/libcmph.dylib
0x0000000027445000 	/System/Library/PrivateFrameworks/CoreEmoji.framework/Versions/A/CoreEmoji
0x0000000027445000 	/System/Library/Frameworks/ServiceManagement.framework/Versions/A/ServiceManagement
0x0000000027445000 	/usr/lib/libxslt.1.dylib
0x0000000027445000 	/System/Library/Frameworks/Carbon.framework/Versions/A/Frameworks/Ink.framework/Versions/A/Ink
0x0000000027445000 	/System/Library/PrivateFrameworks/TextureIO.framework/Versions/A/TextureIO
0x0000000027445000 	/System/Library/Frameworks/Metal.framework/Versions/A/Metal
0x0000000027445000 	/usr/lib/libate.dylib
0x0000000027445000 	/System/Library/PrivateFrameworks/GPUCompiler.framework/libmetal_timestamp.dylib
0x0000000027445000 	/System/Library/Frameworks/OpenGL.framework/Versions/A/Libraries/libCoreFSCache.dylib
0x0000000027445000 	/System/Library/PrivateFrameworks/IOAccelerator.framework/Versions/A/IOAccelerator
0x0000000027445000 	/System/Library/Frameworks/CoreVideo.framework/Versions/A/CoreVideo
0x0000000027445000 	/usr/lib/libFosl_dynamic.dylib
0x0000000027445000 	/System/Library/PrivateFrameworks/MetalPerformanceShaders.framework/Versions/A/MetalPerformanceShaders
0x0000000027445000 	/System/Library/PrivateFrameworks/FaceCore.framework/Versions/A/FaceCore
0x0000000027445000 	/System/Library/Frameworks/OpenCL.framework/Versions/A/OpenCL
0x0000000027445000 	/System/Library/Frameworks/OpenGL.framework/Versions/A/Libraries/libGLU.dylib
0x0000000027445000 	/System/Library/Frameworks/OpenGL.framework/Versions/A/Libraries/libGFXShared.dylib
0x0000000027445000 	/System/Library/Frameworks/OpenGL.framework/Versions/A/Libraries/libGL.dylib
0x0000000027445000 	/System/Library/Frameworks/OpenGL.framework/Versions/A/Libraries/libGLImage.dylib
0x0000000027445000 	/System/Library/Frameworks/OpenGL.framework/Versions/A/Libraries/libCVMSPluginSupport.dylib
0x0000000027445000 	/System/Library/Frameworks/OpenGL.framework/Versions/A/Libraries/libCoreVMClient.dylib
0x0000000027445000 	/System/Library/PrivateFrameworks/CrashReporterSupport.framework/Versions/A/CrashReporterSupport
0x0000000027445000 	/System/Library/PrivateFrameworks/Sharing.framework/Versions/A/Sharing
0x0000000027445000 	/System/Library/PrivateFrameworks/IconServices.framework/Versions/A/IconServices
0x0000000027445000 	/System/Library/PrivateFrameworks/ProtocolBuffer.framework/Versions/A/ProtocolBuffer
0x0000000027445000 	/System/Library/PrivateFrameworks/Apple80211.framework/Versions/A/Apple80211
0x0000000027445000 	/System/Library/Frameworks/CoreWLAN.framework/Versions/A/CoreWLAN
0x0000000027445000 	/System/Library/PrivateFrameworks/CoreUtils.framework/Versions/A/CoreUtils
0x0000000027445000 	/System/Library/Frameworks/IOBluetooth.framework/Versions/A/IOBluetooth
0x0000000027445000 	/System/Library/PrivateFrameworks/CoreWiFi.framework/Versions/A/CoreWiFi
0x0000000027445000 	/System/Library/Frameworks/CoreBluetooth.framework/Versions/A/CoreBluetooth
0x0000000027445000 	/System/Library/Frameworks/CoreDisplay.framework/Versions/A/CoreDisplay
0x0000000027445000 	/System/Library/PrivateFrameworks/IOPresentment.framework/Versions/A/IOPresentment
0x0000000027445000 	/System/Library/PrivateFrameworks/DSExternalDisplay.framework/Versions/A/DSExternalDisplay
0x0000000027445000 	/System/Library/PrivateFrameworks/DebugSymbols.framework/Versions/A/DebugSymbols
0x0000000027445000 	/System/Library/PrivateFrameworks/CoreSymbolication.framework/Versions/A/CoreSymbolication
0x0000000027445000 	/System/Library/PrivateFrameworks/Symbolication.framework/Versions/A/Symbolication
0x0000000027445000 	/System/Library/PrivateFrameworks/AppleFSCompression.framework/Versions/A/AppleFSCompression
0x0000000027445000 	/System/Library/PrivateFrameworks/SpeechRecognitionCore.framework/Versions/A/SpeechRecognitionCore
0x0000000027445000 	/System/Library/PrivateFrameworks/ChunkingLibrary.framework/Versions/A/ChunkingLibrary
0x0000000104fde000 	/System/Library/CoreServices/Encodings/libSimplifiedChineseConverter.dylib
0x0000000106200000 	/Library/Java/JavaVirtualMachines/jdk1.8.0_111.jdk/Contents/Home/jre/lib/server/libjvm.dylib
0x0000000027445000 	/usr/lib/libstdc++.6.dylib
0x0000000105022000 	/Library/Java/JavaVirtualMachines/jdk1.8.0_111.jdk/Contents/Home/jre/lib/libverify.dylib
0x0000000105030000 	/Library/Java/JavaVirtualMachines/jdk1.8.0_111.jdk/Contents/Home/jre/lib/libjava.dylib
0x0000000105066000 	/Library/Java/JavaVirtualMachines/jdk1.8.0_111.jdk/Contents/Home/jre/lib/libinstrument.dylib
0x00000001050c4000 	/Library/Java/JavaVirtualMachines/jdk1.8.0_111.jdk/Contents/Home/jre/lib/libzip.dylib
0x000000010b10e000 	/System/Library/Frameworks/JavaVM.framework/Frameworks/JavaRuntimeSupport.framework/JavaRuntimeSupport
0x000000010b128000 	/System/Library/Frameworks/JavaVM.framework/Versions/A/Frameworks/JavaNativeFoundation.framework/Versions/A/JavaNativeFoundation
0x00000001051ee000 	/System/Library/Frameworks/JavaVM.framework/Versions/A/JavaVM
0x0000000027445000 	/System/Library/Frameworks/Carbon.framework/Versions/A/Carbon
0x000000010b13d000 	/System/Library/PrivateFrameworks/JavaLaunching.framework/Versions/A/JavaLaunching
0x0000000027445000 	/System/Library/Frameworks/Carbon.framework/Versions/A/Frameworks/CommonPanels.framework/Versions/A/CommonPanels
0x0000000027445000 	/System/Library/Frameworks/Carbon.framework/Versions/A/Frameworks/Help.framework/Versions/A/Help
0x0000000027445000 	/System/Library/Frameworks/Carbon.framework/Versions/A/Frameworks/ImageCapture.framework/Versions/A/ImageCapture
0x0000000027445000 	/System/Library/Frameworks/Carbon.framework/Versions/A/Frameworks/OpenScripting.framework/Versions/A/OpenScripting
0x0000000027445000 	/System/Library/Frameworks/Carbon.framework/Versions/A/Frameworks/Print.framework/Versions/A/Print
0x0000000027445000 	/System/Library/Frameworks/Carbon.framework/Versions/A/Frameworks/SecurityHI.framework/Versions/A/SecurityHI
0x000000010cb9d000 	/Library/Java/JavaVirtualMachines/jdk1.8.0_111.jdk/Contents/Home/jre/lib/libnet.dylib
0x000000010cc92000 	/Library/Java/JavaVirtualMachines/jdk1.8.0_111.jdk/Contents/Home/jre/lib/libprism_es2.dylib
0x000000010ccf8000 	/System/Library/Frameworks/OpenGL.framework/Resources/GLEngine.bundle/GLEngine
0x0000000027445000 	/System/Library/Frameworks/OpenGL.framework/Versions/A/Libraries/libGLProgrammability.dylib
0x00000001244b8000 	/System/Library/Extensions/AppleIntelHD5000GraphicsGLDriver.bundle/Contents/MacOS/AppleIntelHD5000GraphicsGLDriver
0x0000000027445000 	/System/Library/PrivateFrameworks/GPUSupport.framework/Versions/A/Libraries/libGPUSupportMercury.dylib
0x000000010cee2000 	/System/Library/Extensions/AMDRadeonX4000GLDriver.bundle/Contents/MacOS/AMDRadeonX4000GLDriver
0x0000000124c26000 	/System/Library/Extensions/AMDRadeonX4000GLDriver.bundle/Contents/MacOS/ATIRadeonX4000SCLib.dylib
0x000000010cfc4000 	/System/Library/Frameworks/OpenGL.framework/Resources//GLRendererFloat.bundle/GLRendererFloat
0x0000000027445000 	/System/Library/Frameworks/OpenCL.framework/Versions/A/Libraries/libcldcpuengine.dylib
0x0000000027445000 	/usr/lib/libcrypto.0.9.8.dylib
0x0000000027445000 	/System/Library/PrivateFrameworks/TrustEvaluationAgent.framework/Versions/A/TrustEvaluationAgent

VM Arguments:
jvm_args: -javaagent:/Applications/IntelliJ IDEA.app/Contents/lib/idea_rt.jar=49384:/Applications/IntelliJ IDEA.app/Contents/bin -Dfile.encoding=UTF-8 
java_command: view.Begin
java_class_path (initial): /Library/Java/JavaVirtualMachines/jdk1.8.0_111.jdk/Contents/Home/jre/lib/charsets.jar:/Library/Java/JavaVirtualMachines/jdk1.8.0_111.jdk/Contents/Home/jre/lib/deploy.jar:/Library/Java/JavaVirtualMachines/jdk1.8.0_111.jdk/Contents/Home/jre/lib/ext/cldrdata.jar:/Library/Java/JavaVirtualMachines/jdk1.8.0_111.jdk/Contents/Home/jre/lib/ext/dnsns.jar:/Library/Java/JavaVirtualMachines/jdk1.8.0_111.jdk/Contents/Home/jre/lib/ext/jaccess.jar:/Library/Java/JavaVirtualMachines/jdk1.8.0_111.jdk/Contents/Home/jre/lib/ext/jfxrt.jar:/Library/Java/JavaVirtualMachines/jdk1.8.0_111.jdk/Contents/Home/jre/lib/ext/localedata.jar:/Library/Java/JavaVirtualMachines/jdk1.8.0_111.jdk/Contents/Home/jre/lib/ext/nashorn.jar:/Library/Java/JavaVirtualMachines/jdk1.8.0_111.jdk/Contents/Home/jre/lib/ext/sunec.jar:/Library/Java/JavaVirtualMachines/jdk1.8.0_111.jdk/Contents/Home/jre/lib/ext/sunjce_provider.jar:/Library/Java/JavaVirtualMachines/jdk1.8.0_111.jdk/Contents/Home/jre/lib/ext/sunpkcs11.jar:/Library/Java/JavaVirtualMachines/jdk1.8.0_111.jdk/Contents/Home/jre/lib/ext/zipfs.jar:/Library/Java/JavaVirtualMachines/jdk1.8.0_111.jdk/Contents/Home/jre/lib/javaws.jar:/Library/Java/JavaVirtualMachines/jdk1.8.0_111.jdk/Contents/Home/jre/lib/jce.jar:/Library/Java/JavaVirtualMachines/jdk1.8.0_111.jdk/Contents/Home/jre/lib/jfr.jar:/Library/Java/JavaVirtualMachines/jdk1.8.0_111.jdk/Contents/Home/jre/lib/jfxswt.jar:/Library/Java/JavaVirtualMachines/jdk1.8.0_111.jdk/Contents/Home/jre/lib/jsse.jar:/Library/Java/JavaVirtualMachines/jdk1.8.0_111.jdk/Contents/Home/jre/lib/management-agent.jar:/Library/Java/JavaVirtualMachines/jdk1.8.0_111.jdk/Contents/Home/jre/lib/plugin.jar:/Library/Java/JavaVirtualMachines/jdk1.8.0_111.jdk/Contents/Home/jre/lib/resources.jar:/Library/Java/JavaVirtualMachines/jdk1.8.0_111.jdk/Contents/Home/jre/lib/rt.jar:/Library/Java/JavaVirtualMachines/jdk1.8.0_111.jdk/Contents/Home/lib/ant-javafx.jar:/Library/Java/JavaVirtualMachines/jdk1.8.0_111.jdk/Contents/Home
Launcher Type: SUN_STANDARD

Environment Variables:
PATH=/usr/local/bin:/usr/bin:/bin:/usr/sbin:/sbin:/opt/X11/bin:/usr/local/aria2/bin:/Library/Frameworks/Mono.framework/Versions/Current/Commands:/Library/Frameworks/Python.framework/Versions/3.5/bin
SHELL=/bin/bash
DISPLAY=/private/tmp/com.apple.launchd.Td7BVeDdnl/org.macosforge.xquartz:0

Signal Handlers:
SIGSEGV: [libjvm.dylib+0x5b03ed], sa_mask[0]=11111111011111110111111111111111, sa_flags=SA_ONSTACK|SA_RESTART|SA_SIGINFO
SIGBUS: [libjvm.dylib+0x5b03ed], sa_mask[0]=11111111011111110111111111111111, sa_flags=SA_RESTART|SA_SIGINFO
SIGFPE: [libjvm.dylib+0x48711c], sa_mask[0]=11111111011111110111111111111111, sa_flags=SA_RESTART|SA_SIGINFO
SIGPIPE: [libjvm.dylib+0x48711c], sa_mask[0]=11111111011111110111111111111111, sa_flags=SA_RESTART|SA_SIGINFO
SIGXFSZ: [libjvm.dylib+0x48711c], sa_mask[0]=11111111011111110111111111111111, sa_flags=SA_RESTART|SA_SIGINFO
SIGILL: [libjvm.dylib+0x48711c], sa_mask[0]=11111111011111110111111111111111, sa_flags=SA_RESTART|SA_SIGINFO
SIGUSR1: SIG_DFL, sa_mask[0]=00000000000000000000000000000000, sa_flags=none
SIGUSR2: [libjvm.dylib+0x486c3a], sa_mask[0]=00100000000000000000000000000000, sa_flags=SA_RESTART|SA_SIGINFO
SIGHUP: [libjvm.dylib+0x485211], sa_mask[0]=11111111011111110111111111111111, sa_flags=SA_RESTART|SA_SIGINFO
SIGINT: [libjvm.dylib+0x485211], sa_mask[0]=11111111011111110111111111111111, sa_flags=SA_RESTART|SA_SIGINFO
SIGTERM: [libjvm.dylib+0x485211], sa_mask[0]=11111111011111110111111111111111, sa_flags=SA_RESTART|SA_SIGINFO
SIGQUIT: [libjvm.dylib+0x485211], sa_mask[0]=11111111011111110111111111111111, sa_flags=SA_RESTART|SA_SIGINFO


---------------  S Y S T E M  ---------------

OS:Bsduname:Darwin 16.5.0 Darwin Kernel Version 16.5.0: Fri Mar  3 16:52:33 PST 2017; root:xnu-3789.51.2~3/RELEASE_X86_64 x86_64
rlimit: STACK 8192k, CORE 0k, NPROC 709, NOFILE 10240, AS infinity
load average:1.85 1.82 1.79

CPU:total 8 (4 cores per cpu, 2 threads per core) family 6 model 70 stepping 1, cmov, cx8, fxsr, mmx, sse, sse2, sse3, ssse3, sse4.1, sse4.2, popcnt, avx, avx2, aes, clmul, erms, lzcnt, ht, tsc, tscinvbit, bmi1, bmi2

Memory: 4k page, physical 16777216k(3633084k free)

/proc/meminfo:


vm_info: Java HotSpot(TM) 64-Bit Server VM (25.111-b14) for bsd-amd64 JRE (1.8.0_111-b14), built on Sep 22 2016 15:31:41 by "java_re" with gcc 4.2.1 (Based on Apple Inc. build 5658) (LLVM build 2336.11.00)

time: Tue May  9 21:19:29 2017
elapsed time: 2 seconds (0d 0h 0m 2s)

